<?xml version="1.0" encoding="UTF-8"?>
<!-- Generated by org.testng.reporters.JUnitReportReporter -->
<testsuite hostname="DESKTOP-ULMIVBT" failures="0" tests="1" name="com.umang.base.Base" time="5.924" errors="0" timestamp="2024-03-18T16:06:16 IST" skipped="0">
  <testcase classname="com.umang.base.Base" name="launchapp" time="5.924"/>
</testsuite> <!-- com.umang.base.Base -->
