<?xml version="1.0" encoding="UTF-8"?>
<!-- Generated by org.testng.reporters.JUnitReportReporter -->
<testsuite hostname="DESKTOP-ULMIVBT" failures="0" tests="1" name="Test.Base" time="15.320" errors="0" timestamp="2024-03-07T12:13:49 IST" skipped="0">
  <testcase classname="Test.Base" name="login" time="15.320"/>
</testsuite> <!-- Test.Base -->
